<?xml version="1.0" encoding="UTF-8"?>
<testng-results ignored="0" total="1" passed="1" failed="0" skipped="0">
  <reporter-output>
  </reporter-output>
  <suite started-at="2022-12-07T12:27:17 IST" name="Default suite" finished-at="2022-12-07T12:30:28 IST" duration-ms="191607">
    <groups>
    </groups>
    <test started-at="2022-12-07T12:27:17 IST" name="Default test" finished-at="2022-12-07T12:30:28 IST" duration-ms="191607">
      <class name="Adminlogintest.AddComplaintest">
        <test-method is-config="true" signature="setup()[pri:0, instance:Adminlogintest.AddComplaintest@694abbdc]" started-at="2022-12-07T12:27:17 IST" name="setup" finished-at="2022-12-07T12:30:12 IST" duration-ms="174779" status="PASS">
          <reporter-output>
          </reporter-output>
        </test-method> <!-- setup -->
        <test-method signature="addcomplaintest()[pri:0, instance:Adminlogintest.AddComplaintest@694abbdc]" started-at="2022-12-07T12:30:12 IST" name="addcomplaintest" finished-at="2022-12-07T12:30:28 IST" duration-ms="16595" status="PASS">
          <reporter-output>
          </reporter-output>
        </test-method> <!-- addcomplaintest -->
        <test-method is-config="true" signature="teardown()[pri:0, instance:Adminlogintest.AddComplaintest@694abbdc]" started-at="2022-12-07T12:30:28 IST" name="teardown" finished-at="2022-12-07T12:30:28 IST" duration-ms="1" status="PASS">
          <reporter-output>
          </reporter-output>
        </test-method> <!-- teardown -->
      </class> <!-- Adminlogintest.AddComplaintest -->
    </test> <!-- Default test -->
  </suite> <!-- Default suite -->
</testng-results>
